[0324/100306.966:INFO:CONSOLE(66)] "You must enable Billing on the Google Cloud Project at https://console.cloud.google.com/project/_/billing/enable Learn more at https://developers.google.com/maps/gmp-get-started", source: https://maps.googleapis.com/maps/api/js?key=AIzaSyCy-fMWerzvXcPCV0FDI07hW2DAzs_mnpY&callback=initMap (66)
[0324/100315.038:INFO:CONSOLE(22)] "Here I am !!!", source: https://cn1app/streams/1 (22)
[0324/100847.089:WARNING:dns_config_service_win.cc(700)] Failed to read DnsConfig.
[0324/100847.102:WARNING:dns_config_service_win.cc(700)] Failed to read DnsConfig.
[0324/101343.467:INFO:CONSOLE(66)] "You must enable Billing on the Google Cloud Project at https://console.cloud.google.com/project/_/billing/enable Learn more at https://developers.google.com/maps/gmp-get-started", source: https://maps.googleapis.com/maps/api/js?key=AIzaSyCy-fMWerzvXcPCV0FDI07hW2DAzs_mnpY&callback=initMap (66)
[0324/101350.562:INFO:CONSOLE(22)] "Here I am !!!", source: https://cn1app/streams/1 (22)
[0324/101437.346:INFO:CONSOLE(66)] "You must enable Billing on the Google Cloud Project at https://console.cloud.google.com/project/_/billing/enable Learn more at https://developers.google.com/maps/gmp-get-started", source: https://maps.googleapis.com/maps/api/js?key=AIzaSyD3GgFpAwKTASktfV7WMlj24DxGa39Ztdo&callback=initMap (66)
[0324/101446.098:INFO:CONSOLE(22)] "Here I am !!!", source: https://cn1app/streams/1 (22)
[0324/101842.473:INFO:CONSOLE(66)] "You must enable Billing on the Google Cloud Project at https://console.cloud.google.com/project/_/billing/enable Learn more at https://developers.google.com/maps/gmp-get-started", source: https://maps.googleapis.com/maps/api/js?key=AIzaSyD3GgFpAwKTASktfV7WMlj24DxGa39Ztdo&callback=initMap (66)
[0324/101849.455:INFO:CONSOLE(22)] "Here I am !!!", source: https://cn1app/streams/1 (22)
[0324/101937.133:INFO:CONSOLE(66)] "You must enable Billing on the Google Cloud Project at https://console.cloud.google.com/project/_/billing/enable Learn more at https://developers.google.com/maps/gmp-get-started", source: https://maps.googleapis.com/maps/api/js?key=AIzaSyD3GgFpAwKTASktfV7WMlj24DxGa39Ztdo&callback=initMap (66)
[0324/101945.864:INFO:CONSOLE(22)] "Here I am !!!", source: https://cn1app/streams/1 (22)
[0324/102345.012:INFO:CONSOLE(66)] "You must enable Billing on the Google Cloud Project at https://console.cloud.google.com/project/_/billing/enable Learn more at https://developers.google.com/maps/gmp-get-started", source: https://maps.googleapis.com/maps/api/js?key=AIzaSyD3GgFpAwKTASktfV7WMlj24DxGa39Ztdo&callback=initMap (66)
[0324/102351.794:INFO:CONSOLE(22)] "Here I am !!!", source: https://cn1app/streams/1 (22)
[0324/102436.090:INFO:CONSOLE(66)] "You must enable Billing on the Google Cloud Project at https://console.cloud.google.com/project/_/billing/enable Learn more at https://developers.google.com/maps/gmp-get-started", source: https://maps.googleapis.com/maps/api/js?key=AIzaSyD3GgFpAwKTASktfV7WMlj24DxGa39Ztdo&callback=initMap (66)
[0324/102444.492:INFO:CONSOLE(22)] "Here I am !!!", source: https://cn1app/streams/1 (22)
[0324/102455.092:WARNING:spdy_session.cc(3365)] Received HEADERS for invalid stream 253
[0324/102455.092:WARNING:spdy_session.cc(3365)] Received HEADERS for invalid stream 259
[0324/102455.092:WARNING:spdy_session.cc(3365)] Received HEADERS for invalid stream 255
[0324/102455.092:WARNING:spdy_session.cc(3365)] Received HEADERS for invalid stream 257
[0324/105510.644:INFO:CONSOLE(66)] "You must enable Billing on the Google Cloud Project at https://console.cloud.google.com/project/_/billing/enable Learn more at https://developers.google.com/maps/gmp-get-started", source: https://maps.googleapis.com/maps/api/js?key=AIzaSyD3GgFpAwKTASktfV7WMlj24DxGa39Ztdo&callback=initMap (66)
[0324/105519.352:INFO:CONSOLE(22)] "Here I am !!!", source: https://cn1app/streams/1 (22)
[0324/105634.993:INFO:CONSOLE(66)] "You must enable Billing on the Google Cloud Project at https://console.cloud.google.com/project/_/billing/enable Learn more at https://developers.google.com/maps/gmp-get-started", source: https://maps.googleapis.com/maps/api/js?key=AIzaSyD3GgFpAwKTASktfV7WMlj24DxGa39Ztdo&callback=initMap (66)
[0324/105641.775:INFO:CONSOLE(22)] "Here I am !!!", source: https://cn1app/streams/1 (22)
[0324/105849.355:INFO:CONSOLE(66)] "You must enable Billing on the Google Cloud Project at https://console.cloud.google.com/project/_/billing/enable Learn more at https://developers.google.com/maps/gmp-get-started", source: https://maps.googleapis.com/maps/api/js?key=AIzaSyD3GgFpAwKTASktfV7WMlj24DxGa39Ztdo&callback=initMap (66)
[0324/105858.310:INFO:CONSOLE(22)] "Here I am !!!", source: https://cn1app/streams/1 (22)
[0324/110338.906:INFO:CONSOLE(66)] "You must enable Billing on the Google Cloud Project at https://console.cloud.google.com/project/_/billing/enable Learn more at https://developers.google.com/maps/gmp-get-started", source: https://maps.googleapis.com/maps/api/js?key=AIzaSyD3GgFpAwKTASktfV7WMlj24DxGa39Ztdo&callback=initMap (66)
[0324/110347.383:INFO:CONSOLE(22)] "Here I am !!!", source: https://cn1app/streams/1 (22)
[0324/112909.959:INFO:CONSOLE(66)] "You must enable Billing on the Google Cloud Project at https://console.cloud.google.com/project/_/billing/enable Learn more at https://developers.google.com/maps/gmp-get-started", source: https://maps.googleapis.com/maps/api/js?key=AIzaSyD3GgFpAwKTASktfV7WMlj24DxGa39Ztdo&callback=initMap (66)
[0324/112916.761:INFO:CONSOLE(22)] "Here I am !!!", source: https://cn1app/streams/1 (22)
[0331/130227.753:INFO:CONSOLE(69)] "You must enable Billing on the Google Cloud Project at https://console.cloud.google.com/project/_/billing/enable Learn more at https://developers.google.com/maps/gmp-get-started", source: https://maps.googleapis.com/maps/api/js?key=AIzaSyD3GgFpAwKTASktfV7WMlj24DxGa39Ztdo&callback=initMap (69)
[0331/130230.945:INFO:CONSOLE(22)] "Here I am !!!", source: https://cn1app/streams/1 (22)
[0401/135120.524:INFO:CONSOLE(69)] "You must enable Billing on the Google Cloud Project at https://console.cloud.google.com/project/_/billing/enable Learn more at https://developers.google.com/maps/gmp-get-started", source: https://maps.googleapis.com/maps/api/js?key=AIzaSyD3GgFpAwKTASktfV7WMlj24DxGa39Ztdo&callback=initMap (69)
[0401/135127.214:INFO:CONSOLE(22)] "Here I am !!!", source: https://cn1app/streams/1 (22)
[0401/142416.273:INFO:CONSOLE(69)] "You must enable Billing on the Google Cloud Project at https://console.cloud.google.com/project/_/billing/enable Learn more at https://developers.google.com/maps/gmp-get-started", source: https://maps.googleapis.com/maps/api/js?key=AIzaSyD3GgFpAwKTASktfV7WMlj24DxGa39Ztdo&callback=initMap (69)
[0401/142424.088:INFO:CONSOLE(22)] "Here I am !!!", source: https://cn1app/streams/1 (22)
